<?xml version="1.0" encoding="UTF-8"?>
<!-- Generated by org.testng.reporters.JUnitReportReporter -->
<testsuite hostname="sk" failures="0" tests="1" name="mcxindia.TaskOne" time="38.886" errors="0" timestamp="2023-08-07T07:07:33 IST" skipped="0">
  <testcase classname="mcxindia.TaskOne" name="login" time="38.886"/>
  <system-out/>
</testsuite> <!-- mcxindia.TaskOne -->
